[1.060s] Invoking command in '/home/manuel2404/pascalito_turing_robotics/build/robot_diffe': DEBUGINFOD_URLS=https://debuginfod.ubuntu.com PYTHONPATH=/home/manuel2404/pascalito_turing_robotics/build/robot_diffe/prefix_override:/usr/lib/python3/dist-packages/colcon_core/task/python/colcon_distutils_commands:/home/manuel2404/pascalito_turing_robotics/install/robot_diffe/lib/python3.12/site-packages:${PYTHONPATH} /usr/bin/python3 -W ignore:setup.py install is deprecated -W ignore:easy_install command is deprecated setup.py develop --editable --build-directory /home/manuel2404/pascalito_turing_robotics/build/robot_diffe/build --no-deps symlink_data
[1.424s] running develop
[1.698s] running egg_info
[1.698s] creating robot_diffe.egg-info
[1.729s] writing robot_diffe.egg-info/PKG-INFO
[1.729s] writing dependency_links to robot_diffe.egg-info/dependency_links.txt
[1.729s] writing requirements to robot_diffe.egg-info/requires.txt
[1.729s] writing top-level names to robot_diffe.egg-info/top_level.txt
[1.729s] writing manifest file 'robot_diffe.egg-info/SOURCES.txt'
[1.789s] reading manifest file 'robot_diffe.egg-info/SOURCES.txt'
[1.790s] writing manifest file 'robot_diffe.egg-info/SOURCES.txt'
[1.822s] running build_ext
[1.822s] Creating /home/manuel2404/pascalito_turing_robotics/install/robot_diffe/lib/python3.12/site-packages/robot-diffe.egg-link (link to .)
[1.822s] 
[1.822s] Installed /home/manuel2404/pascalito_turing_robotics/build/robot_diffe
[1.822s] running symlink_data
[1.823s] creating /home/manuel2404/pascalito_turing_robotics/install/robot_diffe/share/ament_index
[1.823s] creating /home/manuel2404/pascalito_turing_robotics/install/robot_diffe/share/ament_index/resource_index
[1.823s] creating /home/manuel2404/pascalito_turing_robotics/install/robot_diffe/share/ament_index/resource_index/packages
[1.823s] symbolically linking /home/manuel2404/pascalito_turing_robotics/build/robot_diffe/resource/robot_diffe -> /home/manuel2404/pascalito_turing_robotics/install/robot_diffe/share/ament_index/resource_index/packages
[1.823s] symbolically linking /home/manuel2404/pascalito_turing_robotics/build/robot_diffe/package.xml -> /home/manuel2404/pascalito_turing_robotics/install/robot_diffe/share/robot_diffe
[1.856s] Invoked command in '/home/manuel2404/pascalito_turing_robotics/build/robot_diffe' returned '0': DEBUGINFOD_URLS=https://debuginfod.ubuntu.com PYTHONPATH=/home/manuel2404/pascalito_turing_robotics/build/robot_diffe/prefix_override:/usr/lib/python3/dist-packages/colcon_core/task/python/colcon_distutils_commands:/home/manuel2404/pascalito_turing_robotics/install/robot_diffe/lib/python3.12/site-packages:${PYTHONPATH} /usr/bin/python3 -W ignore:setup.py install is deprecated -W ignore:easy_install command is deprecated setup.py develop --editable --build-directory /home/manuel2404/pascalito_turing_robotics/build/robot_diffe/build --no-deps symlink_data
