[0.015s] Invoking command in '/home/manuel2404/pascalito_turing_robotics/build/gazebo_differential_drive_robot': CMAKE_PREFIX_PATH=${CMAKE_PREFIX_PATH}:/home/manuel2404/pascalito_turing_robotics/install/robot_diffe:/home/manuel2404/ros2_ws_2601/install/turtle_move_pkg_mjoc:/home/manuel2404/ros2_ws_2601/install/modelrobot_pkg_mjoc:/home/manuel2404/ros2_ws_2601/install/launch_pkg_mjoc:/home/manuel2404/ros2_ws_2601/install/diff_driver_car_pkg:/home/manuel2404/ws_exam_20261/install/robot_examen_number:/opt/ros/jazzy DEBUGINFOD_URLS=https://debuginfod.ubuntu.com /usr/bin/cmake --build /home/manuel2404/pascalito_turing_robotics/build/gazebo_differential_drive_robot -- -j16 -l16
[0.246s] Invoked command in '/home/manuel2404/pascalito_turing_robotics/build/gazebo_differential_drive_robot' returned '0': CMAKE_PREFIX_PATH=${CMAKE_PREFIX_PATH}:/home/manuel2404/pascalito_turing_robotics/install/robot_diffe:/home/manuel2404/ros2_ws_2601/install/turtle_move_pkg_mjoc:/home/manuel2404/ros2_ws_2601/install/modelrobot_pkg_mjoc:/home/manuel2404/ros2_ws_2601/install/launch_pkg_mjoc:/home/manuel2404/ros2_ws_2601/install/diff_driver_car_pkg:/home/manuel2404/ws_exam_20261/install/robot_examen_number:/opt/ros/jazzy DEBUGINFOD_URLS=https://debuginfod.ubuntu.com /usr/bin/cmake --build /home/manuel2404/pascalito_turing_robotics/build/gazebo_differential_drive_robot -- -j16 -l16
[0.255s] Invoking command in '/home/manuel2404/pascalito_turing_robotics/build/gazebo_differential_drive_robot': CMAKE_PREFIX_PATH=${CMAKE_PREFIX_PATH}:/home/manuel2404/pascalito_turing_robotics/install/robot_diffe:/home/manuel2404/ros2_ws_2601/install/turtle_move_pkg_mjoc:/home/manuel2404/ros2_ws_2601/install/modelrobot_pkg_mjoc:/home/manuel2404/ros2_ws_2601/install/launch_pkg_mjoc:/home/manuel2404/ros2_ws_2601/install/diff_driver_car_pkg:/home/manuel2404/ws_exam_20261/install/robot_examen_number:/opt/ros/jazzy DEBUGINFOD_URLS=https://debuginfod.ubuntu.com /usr/bin/cmake --install /home/manuel2404/pascalito_turing_robotics/build/gazebo_differential_drive_robot
[0.263s] -- Install configuration: ""
[0.263s] -- Execute custom install script
[0.264s] -- Up-to-date symlink: /home/manuel2404/pascalito_turing_robotics/install/gazebo_differential_drive_robot/share/gazebo_differential_drive_robot/launch/robot.launch.py
[0.264s] -- Up-to-date symlink: /home/manuel2404/pascalito_turing_robotics/install/gazebo_differential_drive_robot/share/gazebo_differential_drive_robot/model/robot.xacro
[0.264s] -- Up-to-date symlink: /home/manuel2404/pascalito_turing_robotics/install/gazebo_differential_drive_robot/share/gazebo_differential_drive_robot/config/gz_bridge.yaml
[0.264s] -- Up-to-date symlink: /home/manuel2404/pascalito_turing_robotics/install/gazebo_differential_drive_robot/share/ament_index/resource_index/package_run_dependencies/gazebo_differential_drive_robot
[0.264s] -- Up-to-date symlink: /home/manuel2404/pascalito_turing_robotics/install/gazebo_differential_drive_robot/share/ament_index/resource_index/parent_prefix_path/gazebo_differential_drive_robot
[0.264s] -- Up-to-date symlink: /home/manuel2404/pascalito_turing_robotics/install/gazebo_differential_drive_robot/share/gazebo_differential_drive_robot/environment/ament_prefix_path.sh
[0.265s] -- Up-to-date symlink: /home/manuel2404/pascalito_turing_robotics/install/gazebo_differential_drive_robot/share/gazebo_differential_drive_robot/environment/ament_prefix_path.dsv
[0.265s] -- Up-to-date symlink: /home/manuel2404/pascalito_turing_robotics/install/gazebo_differential_drive_robot/share/gazebo_differential_drive_robot/environment/path.sh
[0.265s] -- Up-to-date symlink: /home/manuel2404/pascalito_turing_robotics/install/gazebo_differential_drive_robot/share/gazebo_differential_drive_robot/environment/path.dsv
[0.265s] -- Up-to-date symlink: /home/manuel2404/pascalito_turing_robotics/install/gazebo_differential_drive_robot/share/gazebo_differential_drive_robot/local_setup.bash
[0.265s] -- Up-to-date symlink: /home/manuel2404/pascalito_turing_robotics/install/gazebo_differential_drive_robot/share/gazebo_differential_drive_robot/local_setup.sh
[0.265s] -- Up-to-date symlink: /home/manuel2404/pascalito_turing_robotics/install/gazebo_differential_drive_robot/share/gazebo_differential_drive_robot/local_setup.zsh
[0.265s] -- Up-to-date symlink: /home/manuel2404/pascalito_turing_robotics/install/gazebo_differential_drive_robot/share/gazebo_differential_drive_robot/local_setup.dsv
[0.265s] -- Symlinking: /home/manuel2404/pascalito_turing_robotics/install/gazebo_differential_drive_robot/share/gazebo_differential_drive_robot/package.dsv
[0.275s] -- Up-to-date symlink: /home/manuel2404/pascalito_turing_robotics/install/gazebo_differential_drive_robot/share/ament_index/resource_index/packages/gazebo_differential_drive_robot
[0.275s] -- Up-to-date symlink: /home/manuel2404/pascalito_turing_robotics/install/gazebo_differential_drive_robot/share/gazebo_differential_drive_robot/cmake/gazebo_differential_drive_robotConfig.cmake
[0.275s] -- Up-to-date symlink: /home/manuel2404/pascalito_turing_robotics/install/gazebo_differential_drive_robot/share/gazebo_differential_drive_robot/cmake/gazebo_differential_drive_robotConfig-version.cmake
[0.276s] -- Up-to-date symlink: /home/manuel2404/pascalito_turing_robotics/install/gazebo_differential_drive_robot/share/gazebo_differential_drive_robot/package.xml
[0.278s] Invoked command in '/home/manuel2404/pascalito_turing_robotics/build/gazebo_differential_drive_robot' returned '0': CMAKE_PREFIX_PATH=${CMAKE_PREFIX_PATH}:/home/manuel2404/pascalito_turing_robotics/install/robot_diffe:/home/manuel2404/ros2_ws_2601/install/turtle_move_pkg_mjoc:/home/manuel2404/ros2_ws_2601/install/modelrobot_pkg_mjoc:/home/manuel2404/ros2_ws_2601/install/launch_pkg_mjoc:/home/manuel2404/ros2_ws_2601/install/diff_driver_car_pkg:/home/manuel2404/ws_exam_20261/install/robot_examen_number:/opt/ros/jazzy DEBUGINFOD_URLS=https://debuginfod.ubuntu.com /usr/bin/cmake --install /home/manuel2404/pascalito_turing_robotics/build/gazebo_differential_drive_robot
