[0.123s] DEBUG:colcon:Command line arguments: ['/usr/bin/colcon', 'build', '--symlink-install']
[0.124s] DEBUG:colcon:Parsed command line arguments: Namespace(log_base=None, log_level=None, verb_name='build', build_base='build', install_base='install', merge_install=False, symlink_install=True, test_result_base=None, continue_on_error=False, executor='parallel', parallel_workers=16, event_handlers=None, ignore_user_meta=False, metas=['./colcon.meta'], base_paths=['.'], packages_ignore=None, packages_ignore_regex=None, paths=None, packages_up_to=None, packages_up_to_regex=None, packages_above=None, packages_above_and_dependencies=None, packages_above_depth=None, packages_select_by_dep=None, packages_skip_by_dep=None, packages_skip_up_to=None, packages_select_build_failed=False, packages_skip_build_finished=False, packages_select_test_failures=False, packages_skip_test_passed=False, packages_select=None, packages_skip=None, packages_select_regex=None, packages_skip_regex=None, packages_start=None, packages_end=None, allow_overriding=[], cmake_args=None, cmake_target=None, cmake_target_skip_unavailable=False, cmake_clean_cache=False, cmake_clean_first=False, cmake_force_configure=False, ament_cmake_args=None, catkin_cmake_args=None, catkin_skip_building_tests=False, mixin_files=None, mixin=None, verb_parser=<colcon_mixin.mixin.mixin_argument.MixinArgumentDecorator object at 0x74ceabadb7a0>, verb_extension=<colcon_core.verb.build.BuildVerb object at 0x74ceabbf7f20>, main=<bound method BuildVerb.main of <colcon_core.verb.build.BuildVerb object at 0x74ceabbf7f20>>, mixin_verb=('build',))
[0.160s] Level 1:colcon.colcon_core.package_discovery:discover_packages(colcon_meta) check parameters
[0.160s] Level 1:colcon.colcon_core.package_discovery:discover_packages(recursive) check parameters
[0.160s] Level 1:colcon.colcon_core.package_discovery:discover_packages(ignore) check parameters
[0.160s] Level 1:colcon.colcon_core.package_discovery:discover_packages(path) check parameters
[0.160s] Level 1:colcon.colcon_core.package_discovery:discover_packages(colcon_meta) discover
[0.160s] Level 1:colcon.colcon_core.package_discovery:discover_packages(recursive) discover
[0.160s] INFO:colcon.colcon_core.package_discovery:Crawling recursively for packages in '/home/manuel2404/pascalito_turing_robotics'
[0.160s] Level 1:colcon.colcon_core.package_identification:_identify(.) by extensions ['ignore', 'ignore_ament_install']
[0.160s] Level 1:colcon.colcon_core.package_identification:_identify(.) by extension 'ignore'
[0.160s] Level 1:colcon.colcon_core.package_identification:_identify(.) by extension 'ignore_ament_install'
[0.160s] Level 1:colcon.colcon_core.package_identification:_identify(.) by extensions ['colcon_pkg']
[0.160s] Level 1:colcon.colcon_core.package_identification:_identify(.) by extension 'colcon_pkg'
[0.160s] Level 1:colcon.colcon_core.package_identification:_identify(.) by extensions ['colcon_meta']
[0.160s] Level 1:colcon.colcon_core.package_identification:_identify(.) by extension 'colcon_meta'
[0.160s] Level 1:colcon.colcon_core.package_identification:_identify(.) by extensions ['ros']
[0.160s] Level 1:colcon.colcon_core.package_identification:_identify(.) by extension 'ros'
[0.182s] Level 1:colcon.colcon_core.package_identification:_identify(.) by extensions ['cmake', 'python']
[0.182s] Level 1:colcon.colcon_core.package_identification:_identify(.) by extension 'cmake'
[0.182s] Level 1:colcon.colcon_core.package_identification:_identify(.) by extension 'python'
[0.182s] Level 1:colcon.colcon_core.package_identification:_identify(.) by extensions ['python_setup_py']
[0.182s] Level 1:colcon.colcon_core.package_identification:_identify(.) by extension 'python_setup_py'
[0.182s] Level 1:colcon.colcon_core.package_identification:_identify(build) by extensions ['ignore', 'ignore_ament_install']
[0.183s] Level 1:colcon.colcon_core.package_identification:_identify(build) by extension 'ignore'
[0.183s] Level 1:colcon.colcon_core.package_identification:_identify(build) ignored
[0.183s] Level 1:colcon.colcon_core.package_identification:_identify(install) by extensions ['ignore', 'ignore_ament_install']
[0.183s] Level 1:colcon.colcon_core.package_identification:_identify(install) by extension 'ignore'
[0.183s] Level 1:colcon.colcon_core.package_identification:_identify(install) ignored
[0.183s] Level 1:colcon.colcon_core.package_identification:_identify(log) by extensions ['ignore', 'ignore_ament_install']
[0.183s] Level 1:colcon.colcon_core.package_identification:_identify(log) by extension 'ignore'
[0.183s] Level 1:colcon.colcon_core.package_identification:_identify(log) ignored
[0.183s] Level 1:colcon.colcon_core.package_identification:_identify(src) by extensions ['ignore', 'ignore_ament_install']
[0.183s] Level 1:colcon.colcon_core.package_identification:_identify(src) by extension 'ignore'
[0.183s] Level 1:colcon.colcon_core.package_identification:_identify(src) by extension 'ignore_ament_install'
[0.183s] Level 1:colcon.colcon_core.package_identification:_identify(src) by extensions ['colcon_pkg']
[0.183s] Level 1:colcon.colcon_core.package_identification:_identify(src) by extension 'colcon_pkg'
[0.183s] Level 1:colcon.colcon_core.package_identification:_identify(src) by extensions ['colcon_meta']
[0.184s] Level 1:colcon.colcon_core.package_identification:_identify(src) by extension 'colcon_meta'
[0.184s] Level 1:colcon.colcon_core.package_identification:_identify(src) by extensions ['ros']
[0.184s] Level 1:colcon.colcon_core.package_identification:_identify(src) by extension 'ros'
[0.184s] Level 1:colcon.colcon_core.package_identification:_identify(src) by extensions ['cmake', 'python']
[0.184s] Level 1:colcon.colcon_core.package_identification:_identify(src) by extension 'cmake'
[0.184s] Level 1:colcon.colcon_core.package_identification:_identify(src) by extension 'python'
[0.184s] Level 1:colcon.colcon_core.package_identification:_identify(src) by extensions ['python_setup_py']
[0.184s] Level 1:colcon.colcon_core.package_identification:_identify(src) by extension 'python_setup_py'
[0.184s] Level 1:colcon.colcon_core.package_identification:_identify(src/gazebo_differential_drive_robot) by extensions ['ignore', 'ignore_ament_install']
[0.184s] Level 1:colcon.colcon_core.package_identification:_identify(src/gazebo_differential_drive_robot) by extension 'ignore'
[0.184s] Level 1:colcon.colcon_core.package_identification:_identify(src/gazebo_differential_drive_robot) by extension 'ignore_ament_install'
[0.184s] Level 1:colcon.colcon_core.package_identification:_identify(src/gazebo_differential_drive_robot) by extensions ['colcon_pkg']
[0.184s] Level 1:colcon.colcon_core.package_identification:_identify(src/gazebo_differential_drive_robot) by extension 'colcon_pkg'
[0.184s] Level 1:colcon.colcon_core.package_identification:_identify(src/gazebo_differential_drive_robot) by extensions ['colcon_meta']
[0.184s] Level 1:colcon.colcon_core.package_identification:_identify(src/gazebo_differential_drive_robot) by extension 'colcon_meta'
[0.184s] Level 1:colcon.colcon_core.package_identification:_identify(src/gazebo_differential_drive_robot) by extensions ['ros']
[0.184s] Level 1:colcon.colcon_core.package_identification:_identify(src/gazebo_differential_drive_robot) by extension 'ros'
[0.186s] DEBUG:colcon.colcon_core.package_identification:Package 'src/gazebo_differential_drive_robot' with type 'ros.ament_cmake' and name 'gazebo_differential_drive_robot'
[0.186s] Level 1:colcon.colcon_core.package_identification:_identify(src/robot_diffe) by extensions ['ignore', 'ignore_ament_install']
[0.187s] Level 1:colcon.colcon_core.package_identification:_identify(src/robot_diffe) by extension 'ignore'
[0.187s] Level 1:colcon.colcon_core.package_identification:_identify(src/robot_diffe) by extension 'ignore_ament_install'
[0.187s] Level 1:colcon.colcon_core.package_identification:_identify(src/robot_diffe) by extensions ['colcon_pkg']
[0.187s] Level 1:colcon.colcon_core.package_identification:_identify(src/robot_diffe) by extension 'colcon_pkg'
[0.187s] Level 1:colcon.colcon_core.package_identification:_identify(src/robot_diffe) by extensions ['colcon_meta']
[0.187s] Level 1:colcon.colcon_core.package_identification:_identify(src/robot_diffe) by extension 'colcon_meta'
[0.187s] Level 1:colcon.colcon_core.package_identification:_identify(src/robot_diffe) by extensions ['ros']
[0.187s] Level 1:colcon.colcon_core.package_identification:_identify(src/robot_diffe) by extension 'ros'
[0.187s] DEBUG:colcon.colcon_core.package_identification:Package 'src/robot_diffe' with type 'ros.ament_python' and name 'robot_diffe'
[0.187s] Level 1:colcon.colcon_core.package_discovery:discover_packages(recursive) using defaults
[0.187s] Level 1:colcon.colcon_core.package_discovery:discover_packages(ignore) discover
[0.187s] Level 1:colcon.colcon_core.package_discovery:discover_packages(ignore) using defaults
[0.187s] Level 1:colcon.colcon_core.package_discovery:discover_packages(path) discover
[0.187s] Level 1:colcon.colcon_core.package_discovery:discover_packages(path) using defaults
[0.204s] Level 1:colcon.colcon_core.package_discovery:discover_packages(prefix_path) check parameters
[0.204s] Level 1:colcon.colcon_core.package_discovery:discover_packages(prefix_path) discover
[0.206s] DEBUG:colcon.colcon_installed_package_information.package_discovery:Found 2 installed packages in /home/manuel2404/pascalito_turing_robotics/install
[0.206s] DEBUG:colcon.colcon_installed_package_information.package_discovery:Found 6 installed packages in /home/manuel2404/ros2_ws_2601/install
[0.207s] DEBUG:colcon.colcon_installed_package_information.package_discovery:Found 1 installed packages in /home/manuel2404/ws_exam_20261/install
[0.209s] DEBUG:colcon.colcon_installed_package_information.package_discovery:Found 372 installed packages in /opt/ros/jazzy
[0.209s] Level 1:colcon.colcon_core.package_discovery:discover_packages(prefix_path) using defaults
[0.259s] Level 5:colcon.colcon_core.verb:set package 'gazebo_differential_drive_robot' build argument 'cmake_args' from command line to 'None'
[0.259s] Level 5:colcon.colcon_core.verb:set package 'gazebo_differential_drive_robot' build argument 'cmake_target' from command line to 'None'
[0.259s] Level 5:colcon.colcon_core.verb:set package 'gazebo_differential_drive_robot' build argument 'cmake_target_skip_unavailable' from command line to 'False'
[0.259s] Level 5:colcon.colcon_core.verb:set package 'gazebo_differential_drive_robot' build argument 'cmake_clean_cache' from command line to 'False'
[0.259s] Level 5:colcon.colcon_core.verb:set package 'gazebo_differential_drive_robot' build argument 'cmake_clean_first' from command line to 'False'
[0.259s] Level 5:colcon.colcon_core.verb:set package 'gazebo_differential_drive_robot' build argument 'cmake_force_configure' from command line to 'False'
[0.259s] Level 5:colcon.colcon_core.verb:set package 'gazebo_differential_drive_robot' build argument 'ament_cmake_args' from command line to 'None'
[0.259s] Level 5:colcon.colcon_core.verb:set package 'gazebo_differential_drive_robot' build argument 'catkin_cmake_args' from command line to 'None'
[0.259s] Level 5:colcon.colcon_core.verb:set package 'gazebo_differential_drive_robot' build argument 'catkin_skip_building_tests' from command line to 'False'
[0.259s] DEBUG:colcon.colcon_core.verb:Building package 'gazebo_differential_drive_robot' with the following arguments: {'ament_cmake_args': None, 'build_base': '/home/manuel2404/pascalito_turing_robotics/build/gazebo_differential_drive_robot', 'catkin_cmake_args': None, 'catkin_skip_building_tests': False, 'cmake_args': None, 'cmake_clean_cache': False, 'cmake_clean_first': False, 'cmake_force_configure': False, 'cmake_target': None, 'cmake_target_skip_unavailable': False, 'install_base': '/home/manuel2404/pascalito_turing_robotics/install/gazebo_differential_drive_robot', 'merge_install': False, 'path': '/home/manuel2404/pascalito_turing_robotics/src/gazebo_differential_drive_robot', 'symlink_install': True, 'test_result_base': None}
[0.259s] Level 5:colcon.colcon_core.verb:set package 'robot_diffe' build argument 'cmake_args' from command line to 'None'
[0.259s] Level 5:colcon.colcon_core.verb:set package 'robot_diffe' build argument 'cmake_target' from command line to 'None'
[0.259s] Level 5:colcon.colcon_core.verb:set package 'robot_diffe' build argument 'cmake_target_skip_unavailable' from command line to 'False'
[0.259s] Level 5:colcon.colcon_core.verb:set package 'robot_diffe' build argument 'cmake_clean_cache' from command line to 'False'
[0.259s] Level 5:colcon.colcon_core.verb:set package 'robot_diffe' build argument 'cmake_clean_first' from command line to 'False'
[0.259s] Level 5:colcon.colcon_core.verb:set package 'robot_diffe' build argument 'cmake_force_configure' from command line to 'False'
[0.259s] Level 5:colcon.colcon_core.verb:set package 'robot_diffe' build argument 'ament_cmake_args' from command line to 'None'
[0.259s] Level 5:colcon.colcon_core.verb:set package 'robot_diffe' build argument 'catkin_cmake_args' from command line to 'None'
[0.259s] Level 5:colcon.colcon_core.verb:set package 'robot_diffe' build argument 'catkin_skip_building_tests' from command line to 'False'
[0.259s] DEBUG:colcon.colcon_core.verb:Building package 'robot_diffe' with the following arguments: {'ament_cmake_args': None, 'build_base': '/home/manuel2404/pascalito_turing_robotics/build/robot_diffe', 'catkin_cmake_args': None, 'catkin_skip_building_tests': False, 'cmake_args': None, 'cmake_clean_cache': False, 'cmake_clean_first': False, 'cmake_force_configure': False, 'cmake_target': None, 'cmake_target_skip_unavailable': False, 'install_base': '/home/manuel2404/pascalito_turing_robotics/install/robot_diffe', 'merge_install': False, 'path': '/home/manuel2404/pascalito_turing_robotics/src/robot_diffe', 'symlink_install': True, 'test_result_base': None}
[0.260s] INFO:colcon.colcon_core.executor:Executing jobs using 'parallel' executor
[0.260s] DEBUG:colcon.colcon_parallel_executor.executor.parallel:run_until_complete
[0.261s] INFO:colcon.colcon_ros.task.ament_cmake.build:Building ROS package in '/home/manuel2404/pascalito_turing_robotics/src/gazebo_differential_drive_robot' with build type 'ament_cmake'
[0.261s] INFO:colcon.colcon_cmake.task.cmake.build:Building CMake package in '/home/manuel2404/pascalito_turing_robotics/src/gazebo_differential_drive_robot'
[0.262s] INFO:colcon.colcon_core.plugin_system:Skipping extension 'colcon_core.shell.bat': Not used on non-Windows systems
[0.263s] INFO:colcon.colcon_core.shell:Skip shell extension 'powershell' for command environment: Not usable outside of PowerShell
[0.263s] DEBUG:colcon.colcon_core.shell:Skip shell extension 'dsv' for command environment
[0.267s] INFO:colcon.colcon_ros.task.ament_python.build:Building ROS package in '/home/manuel2404/pascalito_turing_robotics/src/robot_diffe' with build type 'ament_python'
[0.267s] Level 1:colcon.colcon_core.shell:create_environment_hook('robot_diffe', 'ament_prefix_path')
[0.267s] INFO:colcon.colcon_core.shell:Creating environment hook '/home/manuel2404/pascalito_turing_robotics/install/robot_diffe/share/robot_diffe/hook/ament_prefix_path.ps1'
[0.268s] INFO:colcon.colcon_core.shell:Creating environment descriptor '/home/manuel2404/pascalito_turing_robotics/install/robot_diffe/share/robot_diffe/hook/ament_prefix_path.dsv'
[0.268s] INFO:colcon.colcon_core.shell:Creating environment hook '/home/manuel2404/pascalito_turing_robotics/install/robot_diffe/share/robot_diffe/hook/ament_prefix_path.sh'
[0.269s] INFO:colcon.colcon_core.shell:Skip shell extension 'powershell' for command environment: Not usable outside of PowerShell
[0.269s] DEBUG:colcon.colcon_core.shell:Skip shell extension 'dsv' for command environment
[0.277s] DEBUG:colcon.colcon_core.event_handler.log_command:Invoking command in '/home/manuel2404/pascalito_turing_robotics/build/gazebo_differential_drive_robot': CMAKE_PREFIX_PATH=${CMAKE_PREFIX_PATH}:/home/manuel2404/pascalito_turing_robotics/install/robot_diffe:/home/manuel2404/ros2_ws_2601/install/turtle_move_pkg_mjoc:/home/manuel2404/ros2_ws_2601/install/modelrobot_pkg_mjoc:/home/manuel2404/ros2_ws_2601/install/launch_pkg_mjoc:/home/manuel2404/ros2_ws_2601/install/diff_driver_car_pkg:/home/manuel2404/ws_exam_20261/install/robot_examen_number:/opt/ros/jazzy DEBUGINFOD_URLS=https://debuginfod.ubuntu.com /usr/bin/cmake --build /home/manuel2404/pascalito_turing_robotics/build/gazebo_differential_drive_robot -- -j16 -l16
[0.501s] INFO:colcon.colcon_core.task.python.build:Building Python package in '/home/manuel2404/pascalito_turing_robotics/src/robot_diffe'
[0.502s] INFO:colcon.colcon_core.shell:Skip shell extension 'powershell' for command environment: Not usable outside of PowerShell
[0.502s] DEBUG:colcon.colcon_core.shell:Skip shell extension 'dsv' for command environment
[0.507s] DEBUG:colcon.colcon_core.event_handler.log_command:Invoked command in '/home/manuel2404/pascalito_turing_robotics/build/gazebo_differential_drive_robot' returned '0': CMAKE_PREFIX_PATH=${CMAKE_PREFIX_PATH}:/home/manuel2404/pascalito_turing_robotics/install/robot_diffe:/home/manuel2404/ros2_ws_2601/install/turtle_move_pkg_mjoc:/home/manuel2404/ros2_ws_2601/install/modelrobot_pkg_mjoc:/home/manuel2404/ros2_ws_2601/install/launch_pkg_mjoc:/home/manuel2404/ros2_ws_2601/install/diff_driver_car_pkg:/home/manuel2404/ws_exam_20261/install/robot_examen_number:/opt/ros/jazzy DEBUGINFOD_URLS=https://debuginfod.ubuntu.com /usr/bin/cmake --build /home/manuel2404/pascalito_turing_robotics/build/gazebo_differential_drive_robot -- -j16 -l16
[0.516s] DEBUG:colcon.colcon_core.event_handler.log_command:Invoking command in '/home/manuel2404/pascalito_turing_robotics/build/gazebo_differential_drive_robot': CMAKE_PREFIX_PATH=${CMAKE_PREFIX_PATH}:/home/manuel2404/pascalito_turing_robotics/install/robot_diffe:/home/manuel2404/ros2_ws_2601/install/turtle_move_pkg_mjoc:/home/manuel2404/ros2_ws_2601/install/modelrobot_pkg_mjoc:/home/manuel2404/ros2_ws_2601/install/launch_pkg_mjoc:/home/manuel2404/ros2_ws_2601/install/diff_driver_car_pkg:/home/manuel2404/ws_exam_20261/install/robot_examen_number:/opt/ros/jazzy DEBUGINFOD_URLS=https://debuginfod.ubuntu.com /usr/bin/cmake --install /home/manuel2404/pascalito_turing_robotics/build/gazebo_differential_drive_robot
[0.538s] Level 1:colcon.colcon_core.environment:create_environment_scripts_only(gazebo_differential_drive_robot)
[0.539s] DEBUG:colcon.colcon_core.event_handler.log_command:Invoked command in '/home/manuel2404/pascalito_turing_robotics/build/gazebo_differential_drive_robot' returned '0': CMAKE_PREFIX_PATH=${CMAKE_PREFIX_PATH}:/home/manuel2404/pascalito_turing_robotics/install/robot_diffe:/home/manuel2404/ros2_ws_2601/install/turtle_move_pkg_mjoc:/home/manuel2404/ros2_ws_2601/install/modelrobot_pkg_mjoc:/home/manuel2404/ros2_ws_2601/install/launch_pkg_mjoc:/home/manuel2404/ros2_ws_2601/install/diff_driver_car_pkg:/home/manuel2404/ws_exam_20261/install/robot_examen_number:/opt/ros/jazzy DEBUGINFOD_URLS=https://debuginfod.ubuntu.com /usr/bin/cmake --install /home/manuel2404/pascalito_turing_robotics/build/gazebo_differential_drive_robot
[0.540s] Level 1:colcon.colcon_core.environment:checking '/home/manuel2404/pascalito_turing_robotics/install/gazebo_differential_drive_robot' for CMake module files
[0.541s] Level 1:colcon.colcon_core.environment:checking '/home/manuel2404/pascalito_turing_robotics/install/gazebo_differential_drive_robot' for CMake config files
[0.541s] Level 1:colcon.colcon_core.shell:create_environment_hook('gazebo_differential_drive_robot', 'cmake_prefix_path')
[0.541s] INFO:colcon.colcon_core.shell:Creating environment hook '/home/manuel2404/pascalito_turing_robotics/install/gazebo_differential_drive_robot/share/gazebo_differential_drive_robot/hook/cmake_prefix_path.ps1'
[0.542s] INFO:colcon.colcon_core.shell:Creating environment descriptor '/home/manuel2404/pascalito_turing_robotics/install/gazebo_differential_drive_robot/share/gazebo_differential_drive_robot/hook/cmake_prefix_path.dsv'
[0.542s] INFO:colcon.colcon_core.shell:Creating environment hook '/home/manuel2404/pascalito_turing_robotics/install/gazebo_differential_drive_robot/share/gazebo_differential_drive_robot/hook/cmake_prefix_path.sh'
[0.542s] Level 1:colcon.colcon_core.environment:checking '/home/manuel2404/pascalito_turing_robotics/install/gazebo_differential_drive_robot/bin'
[0.543s] Level 1:colcon.colcon_core.environment:checking '/home/manuel2404/pascalito_turing_robotics/install/gazebo_differential_drive_robot/lib/pkgconfig/gazebo_differential_drive_robot.pc'
[0.543s] Level 1:colcon.colcon_core.environment:checking '/home/manuel2404/pascalito_turing_robotics/install/gazebo_differential_drive_robot/lib/python3.12/site-packages'
[0.543s] Level 1:colcon.colcon_core.environment:checking '/home/manuel2404/pascalito_turing_robotics/install/gazebo_differential_drive_robot/bin'
[0.543s] INFO:colcon.colcon_core.shell:Creating package script '/home/manuel2404/pascalito_turing_robotics/install/gazebo_differential_drive_robot/share/gazebo_differential_drive_robot/package.ps1'
[0.544s] INFO:colcon.colcon_core.shell:Creating package descriptor '/home/manuel2404/pascalito_turing_robotics/install/gazebo_differential_drive_robot/share/gazebo_differential_drive_robot/package.dsv'
[0.544s] INFO:colcon.colcon_core.shell:Creating package script '/home/manuel2404/pascalito_turing_robotics/install/gazebo_differential_drive_robot/share/gazebo_differential_drive_robot/package.sh'
[0.545s] INFO:colcon.colcon_core.shell:Creating package script '/home/manuel2404/pascalito_turing_robotics/install/gazebo_differential_drive_robot/share/gazebo_differential_drive_robot/package.bash'
[0.545s] INFO:colcon.colcon_core.shell:Creating package script '/home/manuel2404/pascalito_turing_robotics/install/gazebo_differential_drive_robot/share/gazebo_differential_drive_robot/package.zsh'
[0.546s] Level 1:colcon.colcon_core.environment:create_file_with_runtime_dependencies(/home/manuel2404/pascalito_turing_robotics/install/gazebo_differential_drive_robot/share/colcon-core/packages/gazebo_differential_drive_robot)
[0.546s] Level 1:colcon.colcon_core.environment:create_environment_scripts_only(gazebo_differential_drive_robot)
[0.546s] Level 1:colcon.colcon_core.environment:checking '/home/manuel2404/pascalito_turing_robotics/install/gazebo_differential_drive_robot' for CMake module files
[0.547s] Level 1:colcon.colcon_core.environment:checking '/home/manuel2404/pascalito_turing_robotics/install/gazebo_differential_drive_robot' for CMake config files
[0.547s] Level 1:colcon.colcon_core.shell:create_environment_hook('gazebo_differential_drive_robot', 'cmake_prefix_path')
[0.547s] INFO:colcon.colcon_core.shell:Creating environment hook '/home/manuel2404/pascalito_turing_robotics/install/gazebo_differential_drive_robot/share/gazebo_differential_drive_robot/hook/cmake_prefix_path.ps1'
[0.547s] INFO:colcon.colcon_core.shell:Creating environment descriptor '/home/manuel2404/pascalito_turing_robotics/install/gazebo_differential_drive_robot/share/gazebo_differential_drive_robot/hook/cmake_prefix_path.dsv'
[0.547s] INFO:colcon.colcon_core.shell:Creating environment hook '/home/manuel2404/pascalito_turing_robotics/install/gazebo_differential_drive_robot/share/gazebo_differential_drive_robot/hook/cmake_prefix_path.sh'
[0.548s] Level 1:colcon.colcon_core.environment:checking '/home/manuel2404/pascalito_turing_robotics/install/gazebo_differential_drive_robot/bin'
[0.548s] Level 1:colcon.colcon_core.environment:checking '/home/manuel2404/pascalito_turing_robotics/install/gazebo_differential_drive_robot/lib/pkgconfig/gazebo_differential_drive_robot.pc'
[0.548s] Level 1:colcon.colcon_core.environment:checking '/home/manuel2404/pascalito_turing_robotics/install/gazebo_differential_drive_robot/lib/python3.12/site-packages'
[0.548s] Level 1:colcon.colcon_core.environment:checking '/home/manuel2404/pascalito_turing_robotics/install/gazebo_differential_drive_robot/bin'
[0.548s] INFO:colcon.colcon_core.shell:Creating package script '/home/manuel2404/pascalito_turing_robotics/install/gazebo_differential_drive_robot/share/gazebo_differential_drive_robot/package.ps1'
[0.549s] INFO:colcon.colcon_core.shell:Creating package descriptor '/home/manuel2404/pascalito_turing_robotics/install/gazebo_differential_drive_robot/share/gazebo_differential_drive_robot/package.dsv'
[0.549s] INFO:colcon.colcon_core.shell:Creating package script '/home/manuel2404/pascalito_turing_robotics/install/gazebo_differential_drive_robot/share/gazebo_differential_drive_robot/package.sh'
[0.550s] INFO:colcon.colcon_core.shell:Creating package script '/home/manuel2404/pascalito_turing_robotics/install/gazebo_differential_drive_robot/share/gazebo_differential_drive_robot/package.bash'
[0.550s] INFO:colcon.colcon_core.shell:Creating package script '/home/manuel2404/pascalito_turing_robotics/install/gazebo_differential_drive_robot/share/gazebo_differential_drive_robot/package.zsh'
[0.550s] Level 1:colcon.colcon_core.environment:create_file_with_runtime_dependencies(/home/manuel2404/pascalito_turing_robotics/install/gazebo_differential_drive_robot/share/colcon-core/packages/gazebo_differential_drive_robot)
[1.239s] DEBUG:colcon.colcon_core.event_handler.log_command:Invoking command in '/home/manuel2404/pascalito_turing_robotics/build/robot_diffe': DEBUGINFOD_URLS=https://debuginfod.ubuntu.com PYTHONPATH=/home/manuel2404/pascalito_turing_robotics/build/robot_diffe/prefix_override:/usr/lib/python3/dist-packages/colcon_core/task/python/colcon_distutils_commands:/home/manuel2404/pascalito_turing_robotics/install/robot_diffe/lib/python3.12/site-packages:${PYTHONPATH} /usr/bin/python3 -W ignore:setup.py install is deprecated -W ignore:easy_install command is deprecated setup.py develop --editable --build-directory /home/manuel2404/pascalito_turing_robotics/build/robot_diffe/build --no-deps symlink_data
[2.005s] Level 1:colcon.colcon_core.shell:create_environment_hook('robot_diffe', 'pythonpath_develop')
[2.005s] INFO:colcon.colcon_core.shell:Creating environment hook '/home/manuel2404/pascalito_turing_robotics/build/robot_diffe/share/robot_diffe/hook/pythonpath_develop.ps1'
[2.006s] DEBUG:colcon.colcon_core.event_handler.log_command:Invoked command in '/home/manuel2404/pascalito_turing_robotics/build/robot_diffe' returned '0': DEBUGINFOD_URLS=https://debuginfod.ubuntu.com PYTHONPATH=/home/manuel2404/pascalito_turing_robotics/build/robot_diffe/prefix_override:/usr/lib/python3/dist-packages/colcon_core/task/python/colcon_distutils_commands:/home/manuel2404/pascalito_turing_robotics/install/robot_diffe/lib/python3.12/site-packages:${PYTHONPATH} /usr/bin/python3 -W ignore:setup.py install is deprecated -W ignore:easy_install command is deprecated setup.py develop --editable --build-directory /home/manuel2404/pascalito_turing_robotics/build/robot_diffe/build --no-deps symlink_data
[2.006s] INFO:colcon.colcon_core.shell:Creating environment descriptor '/home/manuel2404/pascalito_turing_robotics/build/robot_diffe/share/robot_diffe/hook/pythonpath_develop.dsv'
[2.006s] INFO:colcon.colcon_core.shell:Creating environment hook '/home/manuel2404/pascalito_turing_robotics/build/robot_diffe/share/robot_diffe/hook/pythonpath_develop.sh'
[2.007s] Level 1:colcon.colcon_core.environment:checking '/home/manuel2404/pascalito_turing_robotics/install/robot_diffe' for CMake module files
[2.007s] Level 1:colcon.colcon_core.environment:checking '/home/manuel2404/pascalito_turing_robotics/install/robot_diffe' for CMake config files
[2.008s] Level 1:colcon.colcon_core.environment:checking '/home/manuel2404/pascalito_turing_robotics/install/robot_diffe/lib'
[2.008s] Level 1:colcon.colcon_core.environment:checking '/home/manuel2404/pascalito_turing_robotics/install/robot_diffe/bin'
[2.008s] Level 1:colcon.colcon_core.environment:checking '/home/manuel2404/pascalito_turing_robotics/install/robot_diffe/lib/pkgconfig/robot_diffe.pc'
[2.008s] Level 1:colcon.colcon_core.environment:checking '/home/manuel2404/pascalito_turing_robotics/install/robot_diffe/lib/python3.12/site-packages'
[2.008s] Level 1:colcon.colcon_core.shell:create_environment_hook('robot_diffe', 'pythonpath')
[2.008s] INFO:colcon.colcon_core.shell:Creating environment hook '/home/manuel2404/pascalito_turing_robotics/install/robot_diffe/share/robot_diffe/hook/pythonpath.ps1'
[2.009s] INFO:colcon.colcon_core.shell:Creating environment descriptor '/home/manuel2404/pascalito_turing_robotics/install/robot_diffe/share/robot_diffe/hook/pythonpath.dsv'
[2.009s] INFO:colcon.colcon_core.shell:Creating environment hook '/home/manuel2404/pascalito_turing_robotics/install/robot_diffe/share/robot_diffe/hook/pythonpath.sh'
[2.009s] Level 1:colcon.colcon_core.environment:checking '/home/manuel2404/pascalito_turing_robotics/install/robot_diffe/bin'
[2.009s] Level 1:colcon.colcon_core.environment:create_environment_scripts_only(robot_diffe)
[2.010s] INFO:colcon.colcon_core.shell:Creating package script '/home/manuel2404/pascalito_turing_robotics/install/robot_diffe/share/robot_diffe/package.ps1'
[2.010s] INFO:colcon.colcon_core.shell:Creating package descriptor '/home/manuel2404/pascalito_turing_robotics/install/robot_diffe/share/robot_diffe/package.dsv'
[2.010s] INFO:colcon.colcon_core.shell:Creating package script '/home/manuel2404/pascalito_turing_robotics/install/robot_diffe/share/robot_diffe/package.sh'
[2.011s] INFO:colcon.colcon_core.shell:Creating package script '/home/manuel2404/pascalito_turing_robotics/install/robot_diffe/share/robot_diffe/package.bash'
[2.011s] INFO:colcon.colcon_core.shell:Creating package script '/home/manuel2404/pascalito_turing_robotics/install/robot_diffe/share/robot_diffe/package.zsh'
[2.011s] Level 1:colcon.colcon_core.environment:create_file_with_runtime_dependencies(/home/manuel2404/pascalito_turing_robotics/install/robot_diffe/share/colcon-core/packages/robot_diffe)
[2.011s] DEBUG:colcon.colcon_parallel_executor.executor.parallel:closing loop
[2.012s] DEBUG:colcon.colcon_parallel_executor.executor.parallel:loop closed
[2.012s] DEBUG:colcon.colcon_parallel_executor.executor.parallel:run_until_complete finished with '0'
[2.012s] DEBUG:colcon.colcon_core.event_reactor:joining thread
[2.016s] INFO:colcon.colcon_core.plugin_system:Skipping extension 'colcon_notification.desktop_notification.terminal_notifier': Not used on non-Darwin systems
[2.016s] INFO:colcon.colcon_core.plugin_system:Skipping extension 'colcon_notification.desktop_notification.win32': Not used on non-Windows systems
[2.016s] INFO:colcon.colcon_notification.desktop_notification:Sending desktop notification using 'notify2'
[2.026s] DEBUG:colcon.colcon_core.event_reactor:joined thread
[2.026s] INFO:colcon.colcon_core.shell:Creating prefix script '/home/manuel2404/pascalito_turing_robotics/install/local_setup.ps1'
[2.027s] INFO:colcon.colcon_core.shell:Creating prefix util module '/home/manuel2404/pascalito_turing_robotics/install/_local_setup_util_ps1.py'
[2.028s] INFO:colcon.colcon_core.shell:Creating prefix chain script '/home/manuel2404/pascalito_turing_robotics/install/setup.ps1'
[2.029s] INFO:colcon.colcon_core.shell:Creating prefix script '/home/manuel2404/pascalito_turing_robotics/install/local_setup.sh'
[2.029s] INFO:colcon.colcon_core.shell:Creating prefix util module '/home/manuel2404/pascalito_turing_robotics/install/_local_setup_util_sh.py'
[2.030s] INFO:colcon.colcon_core.shell:Creating prefix chain script '/home/manuel2404/pascalito_turing_robotics/install/setup.sh'
[2.031s] INFO:colcon.colcon_core.shell:Creating prefix script '/home/manuel2404/pascalito_turing_robotics/install/local_setup.bash'
[2.031s] INFO:colcon.colcon_core.shell:Creating prefix chain script '/home/manuel2404/pascalito_turing_robotics/install/setup.bash'
[2.032s] INFO:colcon.colcon_core.shell:Creating prefix script '/home/manuel2404/pascalito_turing_robotics/install/local_setup.zsh'
[2.032s] INFO:colcon.colcon_core.shell:Creating prefix chain script '/home/manuel2404/pascalito_turing_robotics/install/setup.zsh'
