-- Install configuration: ""
-- Execute custom install script
-- Up-to-date symlink: /home/manuel2404/pascalito_turing_robotics/install/gazebo_differential_drive_robot/share/gazebo_differential_drive_robot/launch/robot.launch.py
-- Up-to-date symlink: /home/manuel2404/pascalito_turing_robotics/install/gazebo_differential_drive_robot/share/gazebo_differential_drive_robot/model/robot.xacro
-- Up-to-date symlink: /home/manuel2404/pascalito_turing_robotics/install/gazebo_differential_drive_robot/share/gazebo_differential_drive_robot/config/gz_bridge.yaml
-- Up-to-date symlink: /home/manuel2404/pascalito_turing_robotics/install/gazebo_differential_drive_robot/share/ament_index/resource_index/package_run_dependencies/gazebo_differential_drive_robot
-- Up-to-date symlink: /home/manuel2404/pascalito_turing_robotics/install/gazebo_differential_drive_robot/share/ament_index/resource_index/parent_prefix_path/gazebo_differential_drive_robot
-- Up-to-date symlink: /home/manuel2404/pascalito_turing_robotics/install/gazebo_differential_drive_robot/share/gazebo_differential_drive_robot/environment/ament_prefix_path.sh
-- Up-to-date symlink: /home/manuel2404/pascalito_turing_robotics/install/gazebo_differential_drive_robot/share/gazebo_differential_drive_robot/environment/ament_prefix_path.dsv
-- Up-to-date symlink: /home/manuel2404/pascalito_turing_robotics/install/gazebo_differential_drive_robot/share/gazebo_differential_drive_robot/environment/path.sh
-- Up-to-date symlink: /home/manuel2404/pascalito_turing_robotics/install/gazebo_differential_drive_robot/share/gazebo_differential_drive_robot/environment/path.dsv
-- Up-to-date symlink: /home/manuel2404/pascalito_turing_robotics/install/gazebo_differential_drive_robot/share/gazebo_differential_drive_robot/local_setup.bash
-- Up-to-date symlink: /home/manuel2404/pascalito_turing_robotics/install/gazebo_differential_drive_robot/share/gazebo_differential_drive_robot/local_setup.sh
-- Up-to-date symlink: /home/manuel2404/pascalito_turing_robotics/install/gazebo_differential_drive_robot/share/gazebo_differential_drive_robot/local_setup.zsh
-- Up-to-date symlink: /home/manuel2404/pascalito_turing_robotics/install/gazebo_differential_drive_robot/share/gazebo_differential_drive_robot/local_setup.dsv
-- Symlinking: /home/manuel2404/pascalito_turing_robotics/install/gazebo_differential_drive_robot/share/gazebo_differential_drive_robot/package.dsv
-- Up-to-date symlink: /home/manuel2404/pascalito_turing_robotics/install/gazebo_differential_drive_robot/share/ament_index/resource_index/packages/gazebo_differential_drive_robot
-- Up-to-date symlink: /home/manuel2404/pascalito_turing_robotics/install/gazebo_differential_drive_robot/share/gazebo_differential_drive_robot/cmake/gazebo_differential_drive_robotConfig.cmake
-- Up-to-date symlink: /home/manuel2404/pascalito_turing_robotics/install/gazebo_differential_drive_robot/share/gazebo_differential_drive_robot/cmake/gazebo_differential_drive_robotConfig-version.cmake
-- Up-to-date symlink: /home/manuel2404/pascalito_turing_robotics/install/gazebo_differential_drive_robot/share/gazebo_differential_drive_robot/package.xml
